Using pre-set license
Pro License: NO

 COMMAND LINE ARGUMENTS:
/Applications/Unity/Hub/Editor/2021.1.12f1/Unity.app/Contents/MacOS/Unity
-adb2
-batchMode
-noUpm
-name
AssetImportWorker0
-projectPath
/Users/mariasantos/Developer/Unity/Palma Activa 2021/ChubbyGuys
-logFile
Logs/AssetImportWorker0.log
-srvPort
55952
Successfully changed project path to: /Users/mariasantos/Developer/Unity/Palma Activa 2021/ChubbyGuys
/Users/mariasantos/Developer/Unity/Palma Activa 2021/ChubbyGuys
Using Asset Import Pipeline V2.
Refreshing native plugins compatible for Editor in 165.93 ms, found 2 plugins.
Preloading 0 native plugins for Editor in 0.00 ms.
Initialize engine version: 2021.1.12f1 (afcadd793de6)
[Subsystems] Discovering subsystems at path /Applications/Unity/Hub/Editor/2021.1.12f1/Unity.app/Contents/Resources/UnitySubsystems
[Subsystems] Discovering subsystems at path /Users/mariasantos/Developer/Unity/Palma Activa 2021/ChubbyGuys/Assets
GfxDevice: creating device client; threaded=0; jobified=0
2021-07-13 09:31:48.568 Unity[92248:2500981] Color LCD preferred device: Intel(R) Iris(TM) Plus Graphics (low power)
2021-07-13 09:31:48.568 Unity[92248:2500981] Metal devices available: 1
2021-07-13 09:31:48.568 Unity[92248:2500981] 0: Intel(R) Iris(TM) Plus Graphics (low power)
2021-07-13 09:31:48.572 Unity[92248:2500981] Using device Intel(R) Iris(TM) Plus Graphics (low power)
Initializing Metal device caps: Intel(R) Iris(TM) Plus Graphics
Initialize mono
Mono path[0] = '/Applications/Unity/Hub/Editor/2021.1.12f1/Unity.app/Contents/Managed'
Mono path[1] = '/Applications/Unity/Hub/Editor/2021.1.12f1/Unity.app/Contents/MonoBleedingEdge/lib/mono/unityjit'
Mono config path = '/Applications/Unity/Hub/Editor/2021.1.12f1/Unity.app/Contents/MonoBleedingEdge/etc'
Using monoOptions --debugger-agent=transport=dt_socket,embedding=1,server=y,suspend=n,address=127.0.0.1:56248
Begin MonoManager ReloadAssembly
Registering precompiled unity dll's ...
Register platform support module: /Applications/Unity/Hub/Editor/2021.1.12f1/Unity.app/Contents/PlaybackEngines/MacStandaloneSupport/UnityEditor.OSXStandalone.Extensions.dll
Registered in 0.000536 seconds.
Native extension for OSXStandalone target not found
Refreshing native plugins compatible for Editor in 167.78 ms, found 2 plugins.
Preloading 0 native plugins for Editor in 0.00 ms.
Mono: successfully reloaded assembly
- Completed reload, in  3.412 seconds
Domain Reload Profiling:
	ReloadAssembly (3412ms)
		BeginReloadAssembly (60ms)
			ExecutionOrderSort (0ms)
			DisableScriptedObjects (0ms)
			BackupInstance (0ms)
			ReleaseScriptingObjects (0ms)
			CreateAndSetChildDomain (1ms)
		EndReloadAssembly (789ms)
			LoadAssemblies (59ms)
			RebuildTransferFunctionScriptingTraits (0ms)
			SetupTypeCache (279ms)
			ReleaseScriptCaches (0ms)
			RebuildScriptCaches (50ms)
			SetupLoadedEditorAssemblies (391ms)
				LogAssemblyErrors (0ms)
				InitializePlatformSupportModulesInManaged (11ms)
				SetLoadedEditorAssemblies (0ms)
				RefreshPlugins (168ms)
				BeforeProcessingInitializeOnLoad (3ms)
				ProcessInitializeOnLoadAttributes (167ms)
				ProcessInitializeOnLoadMethodAttributes (42ms)
				AfterProcessingInitializeOnLoad (0ms)
				EditorAssembliesLoaded (0ms)
			ExecutionOrderSort2 (0ms)
			AwakeInstancesAfterBackupRestoration (0ms)
Platform modules already initialized, skipping
Registering precompiled user dll's ...
Registered in 0.003598 seconds.
Begin MonoManager ReloadAssembly
Symbol file LoadedFromMemory doesn't match image /Users/mariasantos/Developer/Unity/Palma Activa 2021/ChubbyGuys/Library/PackageCache/com.unity.visualscripting@1.6.1/Editor/VisualScripting.Core/Dependencies/YamlDotNet/Unity.VisualScripting.YamlDotNet.dll
Symbol file LoadedFromMemory doesn't match image /Users/mariasantos/Developer/Unity/Palma Activa 2021/ChubbyGuys/Library/PackageCache/com.unity.visualscripting@1.6.1/Editor/VisualScripting.Core/Dependencies/DotNetZip/Unity.VisualScripting.IonicZip.dll
Native extension for OSXStandalone target not found
Refreshing native plugins compatible for Editor in 174.20 ms, found 2 plugins.
Preloading 0 native plugins for Editor in 0.00 ms.
Mono: successfully reloaded assembly
- Completed reload, in  2.389 seconds
Domain Reload Profiling:
	ReloadAssembly (2390ms)
		BeginReloadAssembly (216ms)
			ExecutionOrderSort (0ms)
			DisableScriptedObjects (6ms)
			BackupInstance (0ms)
			ReleaseScriptingObjects (0ms)
			CreateAndSetChildDomain (49ms)
		EndReloadAssembly (2087ms)
			LoadAssemblies (120ms)
			RebuildTransferFunctionScriptingTraits (0ms)
			SetupTypeCache (658ms)
			ReleaseScriptCaches (1ms)
			RebuildScriptCaches (140ms)
			SetupLoadedEditorAssemblies (998ms)
				LogAssemblyErrors (0ms)
				InitializePlatformSupportModulesInManaged (5ms)
				SetLoadedEditorAssemblies (0ms)
				RefreshPlugins (174ms)
				BeforeProcessingInitializeOnLoad (138ms)
				ProcessInitializeOnLoadAttributes (668ms)
				ProcessInitializeOnLoadMethodAttributes (10ms)
				AfterProcessingInitializeOnLoad (2ms)
				EditorAssembliesLoaded (0ms)
			ExecutionOrderSort2 (0ms)
			AwakeInstancesAfterBackupRestoration (11ms)
Platform modules already initialized, skipping
========================================================================
Worker process is ready to serve import requests
Launching external process: /Applications/Unity/Hub/Editor/2021.1.12f1/Unity.app/Contents/Tools/UnityShaderCompiler
Launched and connected shader compiler UnityShaderCompiler after 0.02 seconds
Refreshing native plugins compatible for Editor in 1.23 ms, found 2 plugins.
Preloading 0 native plugins for Editor in 0.00 ms.
Unloading 5252 Unused Serialized files (Serialized files now loaded: 0)
System memory in use before: 315.1 MB.
System memory in use after: 312.5 MB.

Unloading 158 unused Assets to reduce memory usage. Loaded Objects now: 5651.
Total: 8.765367 ms (FindLiveObjects: 0.958479 ms CreateObjectMapping: 0.488765 ms MarkObjects: 4.834447 ms  DeleteObjects: 2.480559 ms)

AssetImportParameters requested are different than current active one (requested -> active):
  custom:video-decoder-ogg-theora: a1e56fd34408186e4bbccfd4996cb3dc -> 
  custom:container-muxer-webm: aa71ff27fc2769a1b78a27578f13a17b -> 
  custom:container-demuxer-webm: 4f35f7cbe854078d1ac9338744f61a02 -> 
  custom:container-demuxer-ogg: 62fdf1f143b41e24485cea50d1cbac27 -> 
  custom:video-encoder-webm-vp8: eb34c28f22e8b96e1ab97ce403110664 -> 
  custom:framework-osx-AVFoundation: e770b220cccbd017edd2c1fefb359320 -> 
  custom:video-decoder-webm-vp8: 9c59270c3fd7afecdb556c50c9e8de78 -> 
  custom:audio-decoder-ogg-vorbis: bf7c407c2cedff20999df2af8eb42d56 -> 
  custom:audio-encoder-webm-vorbis: bf7c407c2cedff20999df2af8eb42d56 -> 
========================================================================
Received Import Request.
  path: Assets/Imported Assets/GUI CARTOON/TEXTURE/Buttons/Pink/PAUSE-PINK.png
  artifactKey: Guid(743072a41cb0e4f4f89ad780773dcb9d) Importer(815301076,1909f56bfc062723c751e8b465ee728b)
Start importing Assets/Imported Assets/GUI CARTOON/TEXTURE/Buttons/Pink/PAUSE-PINK.png using Guid(743072a41cb0e4f4f89ad780773dcb9d) Importer(815301076,1909f56bfc062723c751e8b465ee728b)  -> (artifact id: '898b01cc602c9041284af7ac04921692') in 1.507754 seconds 
========================================================================
Received Import Request.
  Time since last request: 0.000397 seconds.
  path: Assets/Imported Assets/GUI CARTOON/TEXTURE/Buttons/Pink/CANCEL-PINK.png
  artifactKey: Guid(e78362a860b7a364f850f1e0bfdff92b) Importer(815301076,1909f56bfc062723c751e8b465ee728b)
Start importing Assets/Imported Assets/GUI CARTOON/TEXTURE/Buttons/Pink/CANCEL-PINK.png using Guid(e78362a860b7a364f850f1e0bfdff92b) Importer(815301076,1909f56bfc062723c751e8b465ee728b)  -> (artifact id: '0cae7fb36d7d21ba1e97d0c0b6a03a54') in 0.021647 seconds 
========================================================================
Received Import Request.
  Time since last request: 0.000644 seconds.
  path: Assets/Imported Assets/GUI CARTOON/TEXTURE/Buttons/Pink/MORE-PINK.png
  artifactKey: Guid(1a93d610dc5638543a153305a2084673) Importer(815301076,1909f56bfc062723c751e8b465ee728b)
Start importing Assets/Imported Assets/GUI CARTOON/TEXTURE/Buttons/Pink/MORE-PINK.png using Guid(1a93d610dc5638543a153305a2084673) Importer(815301076,1909f56bfc062723c751e8b465ee728b)  -> (artifact id: '6eeb2e984061138dad72153c24693a34') in 0.015751 seconds 
========================================================================
Received Import Request.
  Time since last request: 0.000396 seconds.
  path: Assets/Imported Assets/GUI CARTOON/TEXTURE/Buttons/Pink/RETRY-PINK.png
  artifactKey: Guid(f0eb8a744990fdb4993232a7893ee241) Importer(815301076,1909f56bfc062723c751e8b465ee728b)
Start importing Assets/Imported Assets/GUI CARTOON/TEXTURE/Buttons/Pink/RETRY-PINK.png using Guid(f0eb8a744990fdb4993232a7893ee241) Importer(815301076,1909f56bfc062723c751e8b465ee728b)  -> (artifact id: 'ac0764529ad48333f705622682d277f5') in 0.019092 seconds 
========================================================================
Received Import Request.
  Time since last request: 0.000787 seconds.
  path: Assets/Imported Assets/GUI CARTOON/TEXTURE/Buttons/Pink/MENU-PINK.png
  artifactKey: Guid(335007ed1e5d3b345aac12eb923b4e85) Importer(815301076,1909f56bfc062723c751e8b465ee728b)
Start importing Assets/Imported Assets/GUI CARTOON/TEXTURE/Buttons/Pink/MENU-PINK.png using Guid(335007ed1e5d3b345aac12eb923b4e85) Importer(815301076,1909f56bfc062723c751e8b465ee728b)  -> (artifact id: '36c51e716e8eded5d54c9c11b684241f') in 0.019373 seconds 
========================================================================
Received Import Request.
  Time since last request: 0.000372 seconds.
  path: Assets/Imported Assets/GUI CARTOON/TEXTURE/Buttons/Pink/NONE-PINK.png
  artifactKey: Guid(77474df8bb4311549a992446d09a7bb8) Importer(815301076,1909f56bfc062723c751e8b465ee728b)
Start importing Assets/Imported Assets/GUI CARTOON/TEXTURE/Buttons/Pink/NONE-PINK.png using Guid(77474df8bb4311549a992446d09a7bb8) Importer(815301076,1909f56bfc062723c751e8b465ee728b)  -> (artifact id: '67812286dac10ef4d61278e59af239de') in 0.043421 seconds 
========================================================================
Received Import Request.
  Time since last request: 0.000264 seconds.
  path: Assets/Imported Assets/GUI CARTOON/TEXTURE/Buttons/Pink/SOUND-PINK.png
  artifactKey: Guid(70780e72a4ec15542af7b7b5400b16f3) Importer(815301076,1909f56bfc062723c751e8b465ee728b)
Start importing Assets/Imported Assets/GUI CARTOON/TEXTURE/Buttons/Pink/SOUND-PINK.png using Guid(70780e72a4ec15542af7b7b5400b16f3) Importer(815301076,1909f56bfc062723c751e8b465ee728b)  -> (artifact id: '89c28110b63f3b42ac13cf0d9619ea69') in 0.019947 seconds 
========================================================================
Received Import Request.
  Time since last request: 0.000790 seconds.
  path: Assets/Imported Assets/GUI CARTOON/TEXTURE/Buttons/Pink/NEXT-PINK.png
  artifactKey: Guid(6c70588cf079e884eaa69af9531a3287) Importer(815301076,1909f56bfc062723c751e8b465ee728b)
Start importing Assets/Imported Assets/GUI CARTOON/TEXTURE/Buttons/Pink/NEXT-PINK.png using Guid(6c70588cf079e884eaa69af9531a3287) Importer(815301076,1909f56bfc062723c751e8b465ee728b)  -> (artifact id: '817c9c584c659afe512976afc576f730') in 0.025514 seconds 
========================================================================
Received Import Request.
  Time since last request: 0.000465 seconds.
  path: Assets/Imported Assets/GUI CARTOON/TEXTURE/Buttons/Pink/TROPHY-PINK.png
  artifactKey: Guid(95f08cac20d980c4aae72b38b4a3cd10) Importer(815301076,1909f56bfc062723c751e8b465ee728b)
Start importing Assets/Imported Assets/GUI CARTOON/TEXTURE/Buttons/Pink/TROPHY-PINK.png using Guid(95f08cac20d980c4aae72b38b4a3cd10) Importer(815301076,1909f56bfc062723c751e8b465ee728b)  -> (artifact id: 'd0a488e0455c0973cf7163c3d706af0e') in 0.016325 seconds 
========================================================================
Received Import Request.
  Time since last request: 0.000593 seconds.
  path: Assets/Imported Assets/GUI CARTOON/TEXTURE/Buttons/Pink/SETTING-PINK.png
  artifactKey: Guid(73ad846eed931f246bd6f1559a8e0d7b) Importer(815301076,1909f56bfc062723c751e8b465ee728b)
Start importing Assets/Imported Assets/GUI CARTOON/TEXTURE/Buttons/Pink/SETTING-PINK.png using Guid(73ad846eed931f246bd6f1559a8e0d7b) Importer(815301076,1909f56bfc062723c751e8b465ee728b)  -> (artifact id: 'a6b9fc10295c0b31c57f3d531617a70e') in 0.013820 seconds 
========================================================================
Received Import Request.
  Time since last request: 0.000271 seconds.
  path: Assets/Imported Assets/GUI CARTOON/TEXTURE/Buttons/Pink/SHOP-PINK.png
  artifactKey: Guid(26e20ed177b11a2409eca6c48c5e81f6) Importer(815301076,1909f56bfc062723c751e8b465ee728b)
Start importing Assets/Imported Assets/GUI CARTOON/TEXTURE/Buttons/Pink/SHOP-PINK.png using Guid(26e20ed177b11a2409eca6c48c5e81f6) Importer(815301076,1909f56bfc062723c751e8b465ee728b)  -> (artifact id: '33840c69114b3d25af9aad72f40257a2') in 0.014679 seconds 
========================================================================
Received Import Request.
  Time since last request: 0.000635 seconds.
  path: Assets/Imported Assets/GUI CARTOON/TEXTURE/Buttons/Pink/HELP-PINK.png
  artifactKey: Guid(1384cb3879965744ba44c0e46cc8af39) Importer(815301076,1909f56bfc062723c751e8b465ee728b)
Start importing Assets/Imported Assets/GUI CARTOON/TEXTURE/Buttons/Pink/HELP-PINK.png using Guid(1384cb3879965744ba44c0e46cc8af39) Importer(815301076,1909f56bfc062723c751e8b465ee728b)  -> (artifact id: '2727349c7cd124d13e8091d51e0212d3') in 0.019987 seconds 
========================================================================
Received Import Request.
  Time since last request: 0.000659 seconds.
  path: Assets/Imported Assets/GUI CARTOON/TEXTURE/Buttons/Pink/PLAY-PINK.png
  artifactKey: Guid(f4db29cfead974e40a3b9c44b0c5a0a5) Importer(815301076,1909f56bfc062723c751e8b465ee728b)
Start importing Assets/Imported Assets/GUI CARTOON/TEXTURE/Buttons/Pink/PLAY-PINK.png using Guid(f4db29cfead974e40a3b9c44b0c5a0a5) Importer(815301076,1909f56bfc062723c751e8b465ee728b)  -> (artifact id: '6a639e7c700022e72842b73e88ab9049') in 0.018150 seconds 
========================================================================
Received Import Request.
  Time since last request: 256.552085 seconds.
  path: Assets/Imported Assets/GUI CARTOON/TEXTURE/Items/vida 1.png
  artifactKey: Guid(9a27def361dc748b29adef0578d842b6) Importer(815301076,1909f56bfc062723c751e8b465ee728b)
Start importing Assets/Imported Assets/GUI CARTOON/TEXTURE/Items/vida 1.png using Guid(9a27def361dc748b29adef0578d842b6) Importer(815301076,1909f56bfc062723c751e8b465ee728b)  -> (artifact id: '9e623e613d662959d9273619e169dc83') in 0.011007 seconds 
========================================================================
Received Import Request.
  Time since last request: 18.939365 seconds.
  path: Assets/Imported Assets/GUI CARTOON/TEXTURE/Items/vida 1.png
  artifactKey: Guid(9a27def361dc748b29adef0578d842b6) Importer(815301076,1909f56bfc062723c751e8b465ee728b)
Start importing Assets/Imported Assets/GUI CARTOON/TEXTURE/Items/vida 1.png using Guid(9a27def361dc748b29adef0578d842b6) Importer(815301076,1909f56bfc062723c751e8b465ee728b)  -> (artifact id: 'c52d80f8d32f05d0b515ac053456e4ff') in 0.018861 seconds 
========================================================================
Received Import Request.
  Time since last request: 163.553902 seconds.
  path: Assets/Imported Assets/GUI CARTOON/TEXTURE/Buttons/Purple/NEXT-PURPLE 1.png
  artifactKey: Guid(6444191c2ea35432b854d8cebe5cbb38) Importer(815301076,1909f56bfc062723c751e8b465ee728b)
Start importing Assets/Imported Assets/GUI CARTOON/TEXTURE/Buttons/Purple/NEXT-PURPLE 1.png using Guid(6444191c2ea35432b854d8cebe5cbb38) Importer(815301076,1909f56bfc062723c751e8b465ee728b)  -> (artifact id: '494ed25f8b73646582b8c0523a1d4110') in 0.019651 seconds 
========================================================================
Received Import Request.
  Time since last request: 11.815461 seconds.
  path: Assets/Imported Assets/GUI CARTOON/TEXTURE/Buttons/Purple/BACK-PURPLE 1.png
  artifactKey: Guid(6444191c2ea35432b854d8cebe5cbb38) Importer(815301076,1909f56bfc062723c751e8b465ee728b)
Start importing Assets/Imported Assets/GUI CARTOON/TEXTURE/Buttons/Purple/BACK-PURPLE 1.png using Guid(6444191c2ea35432b854d8cebe5cbb38) Importer(815301076,1909f56bfc062723c751e8b465ee728b)  -> (artifact id: 'e6079771c9a1399806072d8ef1709932') in 0.031074 seconds 
AssetImportWorkerClient::OnTransportError - code=2 error=End of file
