Using pre-set license
Pro License: NO

 COMMAND LINE ARGUMENTS:
/Applications/Unity/Hub/Editor/2021.1.12f1/Unity.app/Contents/MacOS/Unity
-adb2
-batchMode
-noUpm
-name
AssetImportWorker0
-projectPath
/Users/mariasantos/Developer/Unity/Palma Activa 2021/curso-unity-pa2021/shooter
-logFile
Logs/AssetImportWorker0.log
-srvPort
60247
Successfully changed project path to: /Users/mariasantos/Developer/Unity/Palma Activa 2021/curso-unity-pa2021/shooter
/Users/mariasantos/Developer/Unity/Palma Activa 2021/curso-unity-pa2021/shooter
Using Asset Import Pipeline V2.
Refreshing native plugins compatible for Editor in 158.16 ms, found 2 plugins.
Preloading 0 native plugins for Editor in 0.00 ms.
Initialize engine version: 2021.1.12f1 (afcadd793de6)
[Subsystems] Discovering subsystems at path /Applications/Unity/Hub/Editor/2021.1.12f1/Unity.app/Contents/Resources/UnitySubsystems
[Subsystems] Discovering subsystems at path /Users/mariasantos/Developer/Unity/Palma Activa 2021/curso-unity-pa2021/shooter/Assets
GfxDevice: creating device client; threaded=0; jobified=0
2021-07-18 18:08:53.216 Unity[59954:785277] Color LCD preferred device: Intel(R) Iris(TM) Plus Graphics (low power)
2021-07-18 18:08:53.216 Unity[59954:785277] Metal devices available: 1
2021-07-18 18:08:53.216 Unity[59954:785277] 0: Intel(R) Iris(TM) Plus Graphics (low power)
2021-07-18 18:08:53.217 Unity[59954:785277] Using device Intel(R) Iris(TM) Plus Graphics (low power)
Initializing Metal device caps: Intel(R) Iris(TM) Plus Graphics
Initialize mono
Mono path[0] = '/Applications/Unity/Hub/Editor/2021.1.12f1/Unity.app/Contents/Managed'
Mono path[1] = '/Applications/Unity/Hub/Editor/2021.1.12f1/Unity.app/Contents/MonoBleedingEdge/lib/mono/unityjit'
Mono config path = '/Applications/Unity/Hub/Editor/2021.1.12f1/Unity.app/Contents/MonoBleedingEdge/etc'
Using monoOptions --debugger-agent=transport=dt_socket,embedding=1,server=y,suspend=n,address=127.0.0.1:56954
Begin MonoManager ReloadAssembly
Registering precompiled unity dll's ...
Register platform support module: /Applications/Unity/Hub/Editor/2021.1.12f1/Unity.app/Contents/PlaybackEngines/MacStandaloneSupport/UnityEditor.OSXStandalone.Extensions.dll
Registered in 0.000554 seconds.
Native extension for OSXStandalone target not found
Refreshing native plugins compatible for Editor in 140.64 ms, found 2 plugins.
Preloading 0 native plugins for Editor in 0.00 ms.
Mono: successfully reloaded assembly
- Completed reload, in  2.628 seconds
Domain Reload Profiling:
	ReloadAssembly (2628ms)
		BeginReloadAssembly (53ms)
			ExecutionOrderSort (0ms)
			DisableScriptedObjects (0ms)
			BackupInstance (0ms)
			ReleaseScriptingObjects (0ms)
			CreateAndSetChildDomain (1ms)
		EndReloadAssembly (625ms)
			LoadAssemblies (52ms)
			RebuildTransferFunctionScriptingTraits (0ms)
			SetupTypeCache (219ms)
			ReleaseScriptCaches (0ms)
			RebuildScriptCaches (41ms)
			SetupLoadedEditorAssemblies (315ms)
				LogAssemblyErrors (0ms)
				InitializePlatformSupportModulesInManaged (7ms)
				SetLoadedEditorAssemblies (0ms)
				RefreshPlugins (141ms)
				BeforeProcessingInitializeOnLoad (2ms)
				ProcessInitializeOnLoadAttributes (131ms)
				ProcessInitializeOnLoadMethodAttributes (34ms)
				AfterProcessingInitializeOnLoad (0ms)
				EditorAssembliesLoaded (0ms)
			ExecutionOrderSort2 (0ms)
			AwakeInstancesAfterBackupRestoration (0ms)
Platform modules already initialized, skipping
Registering precompiled user dll's ...
Registered in 0.003162 seconds.
Begin MonoManager ReloadAssembly
Symbol file LoadedFromMemory doesn't match image /Users/mariasantos/Developer/Unity/Palma Activa 2021/curso-unity-pa2021/shooter/Library/PackageCache/com.unity.visualscripting@1.6.1/Editor/VisualScripting.Core/Dependencies/YamlDotNet/Unity.VisualScripting.YamlDotNet.dll
Symbol file LoadedFromMemory doesn't match image /Users/mariasantos/Developer/Unity/Palma Activa 2021/curso-unity-pa2021/shooter/Library/PackageCache/com.unity.visualscripting@1.6.1/Editor/VisualScripting.Core/Dependencies/DotNetZip/Unity.VisualScripting.IonicZip.dll
Native extension for OSXStandalone target not found
Refreshing native plugins compatible for Editor in 139.76 ms, found 2 plugins.
Preloading 0 native plugins for Editor in 0.00 ms.
Mono: successfully reloaded assembly
- Completed reload, in  1.976 seconds
Domain Reload Profiling:
	ReloadAssembly (1977ms)
		BeginReloadAssembly (179ms)
			ExecutionOrderSort (0ms)
			DisableScriptedObjects (5ms)
			BackupInstance (0ms)
			ReleaseScriptingObjects (0ms)
			CreateAndSetChildDomain (41ms)
		EndReloadAssembly (1722ms)
			LoadAssemblies (92ms)
			RebuildTransferFunctionScriptingTraits (0ms)
			SetupTypeCache (542ms)
			ReleaseScriptCaches (1ms)
			RebuildScriptCaches (122ms)
			SetupLoadedEditorAssemblies (843ms)
				LogAssemblyErrors (0ms)
				InitializePlatformSupportModulesInManaged (4ms)
				SetLoadedEditorAssemblies (0ms)
				RefreshPlugins (140ms)
				BeforeProcessingInitializeOnLoad (109ms)
				ProcessInitializeOnLoadAttributes (580ms)
				ProcessInitializeOnLoadMethodAttributes (7ms)
				AfterProcessingInitializeOnLoad (2ms)
				EditorAssembliesLoaded (0ms)
			ExecutionOrderSort2 (0ms)
			AwakeInstancesAfterBackupRestoration (7ms)
Platform modules already initialized, skipping
========================================================================
Worker process is ready to serve import requests
Launching external process: /Applications/Unity/Hub/Editor/2021.1.12f1/Unity.app/Contents/Tools/UnityShaderCompiler
Launched and connected shader compiler UnityShaderCompiler after 0.01 seconds
Refreshing native plugins compatible for Editor in 1.14 ms, found 2 plugins.
Preloading 0 native plugins for Editor in 0.00 ms.
Unloading 5432 Unused Serialized files (Serialized files now loaded: 0)
System memory in use before: 355.8 MB.
System memory in use after: 354.4 MB.

Unloading 183 unused Assets to reduce memory usage. Loaded Objects now: 5856.
Total: 4.735745 ms (FindLiveObjects: 0.373856 ms CreateObjectMapping: 0.228645 ms MarkObjects: 3.167842 ms  DeleteObjects: 0.964105 ms)

AssetImportParameters requested are different than current active one (requested -> active):
  custom:video-decoder-ogg-theora: a1e56fd34408186e4bbccfd4996cb3dc -> 
  custom:container-muxer-webm: aa71ff27fc2769a1b78a27578f13a17b -> 
  custom:container-demuxer-webm: 4f35f7cbe854078d1ac9338744f61a02 -> 
  custom:container-demuxer-ogg: 62fdf1f143b41e24485cea50d1cbac27 -> 
  custom:video-encoder-webm-vp8: eb34c28f22e8b96e1ab97ce403110664 -> 
  custom:framework-osx-AVFoundation: e770b220cccbd017edd2c1fefb359320 -> 
  custom:video-decoder-webm-vp8: 9c59270c3fd7afecdb556c50c9e8de78 -> 
  custom:audio-decoder-ogg-vorbis: bf7c407c2cedff20999df2af8eb42d56 -> 
  custom:audio-encoder-webm-vorbis: bf7c407c2cedff20999df2af8eb42d56 -> 
========================================================================
Received Import Request.
  path: Assets/ImportedAssets/Stylized Astronaut/Dying Backwards.fbx
  artifactKey: Guid(28b39e97e460f4c038135310187ff184) Importer(815301076,1909f56bfc062723c751e8b465ee728b)
Start importing Assets/ImportedAssets/Stylized Astronaut/Dying Backwards.fbx using Guid(28b39e97e460f4c038135310187ff184) Importer(815301076,1909f56bfc062723c751e8b465ee728b)  -> (artifact id: '70e55fddc3f6bd0a5ddd55bc78341bc0') in 0.852193 seconds 
========================================================================
Received Import Request.
  Time since last request: 115.346938 seconds.
  path: Assets/ImportedAssets/Stylized Astronaut/Dying Backwards.fbx
  artifactKey: Guid(28b39e97e460f4c038135310187ff184) Importer(815301076,1909f56bfc062723c751e8b465ee728b)
Start importing Assets/ImportedAssets/Stylized Astronaut/Dying Backwards.fbx using Guid(28b39e97e460f4c038135310187ff184) Importer(815301076,1909f56bfc062723c751e8b465ee728b)  -> (artifact id: '19dc929bf2c31fd81eca0a5a0c216d0b') in 0.006576 seconds 
========================================================================
Received Import Request.
  Time since last request: 259.867998 seconds.
  path: Assets/ImportedAssets/Stylized Astronaut/Dying Backwards.fbx
  artifactKey: Guid(28b39e97e460f4c038135310187ff184) Importer(815301076,1909f56bfc062723c751e8b465ee728b)
Start importing Assets/ImportedAssets/Stylized Astronaut/Dying Backwards.fbx using Guid(28b39e97e460f4c038135310187ff184) Importer(815301076,1909f56bfc062723c751e8b465ee728b)  -> (artifact id: '56bdab27ef1ddcdba302978957f47c86') in 0.004998 seconds 
AssetImportWorkerClient::OnTransportError - code=2 error=End of file
